0 info it worked if it ends with ok
1 verbose cli [ '/usr/local/bin/node', '/usr/local/bin/npm', 'run', 'lint:ts' ]
2 info using npm@3.10.3
3 info using node@v6.6.0
4 verbose run-script [ 'prelint:ts', 'lint:ts', 'postlint:ts' ]
5 info lifecycle trie-js@0.0.1~prelint:ts: trie-js@0.0.1
6 silly lifecycle trie-js@0.0.1~prelint:ts: no script for prelint:ts, continuing
7 info lifecycle trie-js@0.0.1~lint:ts: trie-js@0.0.1
8 verbose lifecycle trie-js@0.0.1~lint:ts: unsafe-perm in lifecycle true
9 verbose lifecycle trie-js@0.0.1~lint:ts: PATH: /usr/local/lib/node_modules/npm/bin/node-gyp-bin:/Users/Daut/Personal-Sites/javascript-drills/trie-js/node_modules/.bin:/usr/local/bin:/usr/local/sbin:/Users/Daut/bin:/usr/local/bin:/Users/Daut/.cargo/bin:/usr/local/bin:/usr/bin:/bin:/usr/sbin:/sbin
10 verbose lifecycle trie-js@0.0.1~lint:ts: CWD: /Users/Daut/Personal-Sites/javascript-drills/trie-js
11 silly lifecycle trie-js@0.0.1~lint:ts: Args: [ '-c', 'tslint -c tslint.json \'src/**/*.ts\'' ]
12 silly lifecycle trie-js@0.0.1~lint:ts: Returned: code: 2  signal: null
13 info lifecycle trie-js@0.0.1~lint:ts: Failed to exec lint:ts script
14 verbose stack Error: trie-js@0.0.1 lint:ts: `tslint -c tslint.json 'src/**/*.ts'`
14 verbose stack Exit status 2
14 verbose stack     at EventEmitter.<anonymous> (/usr/local/lib/node_modules/npm/lib/utils/lifecycle.js:242:16)
14 verbose stack     at emitTwo (events.js:106:13)
14 verbose stack     at EventEmitter.emit (events.js:191:7)
14 verbose stack     at ChildProcess.<anonymous> (/usr/local/lib/node_modules/npm/lib/utils/spawn.js:40:14)
14 verbose stack     at emitTwo (events.js:106:13)
14 verbose stack     at ChildProcess.emit (events.js:191:7)
14 verbose stack     at maybeClose (internal/child_process.js:877:16)
14 verbose stack     at Process.ChildProcess._handle.onexit (internal/child_process.js:226:5)
15 verbose pkgid trie-js@0.0.1
16 verbose cwd /Users/Daut/Personal-Sites/javascript-drills/trie-js
17 error Darwin 15.6.0
18 error argv "/usr/local/bin/node" "/usr/local/bin/npm" "run" "lint:ts"
19 error node v6.6.0
20 error npm  v3.10.3
21 error code ELIFECYCLE
22 error trie-js@0.0.1 lint:ts: `tslint -c tslint.json 'src/**/*.ts'`
22 error Exit status 2
23 error Failed at the trie-js@0.0.1 lint:ts script 'tslint -c tslint.json 'src/**/*.ts''.
23 error Make sure you have the latest version of node.js and npm installed.
23 error If you do, this is most likely a problem with the trie-js package,
23 error not with npm itself.
23 error Tell the author that this fails on your system:
23 error     tslint -c tslint.json 'src/**/*.ts'
23 error You can get information on how to open an issue for this project with:
23 error     npm bugs trie-js
23 error Or if that isn't available, you can get their info via:
23 error     npm owner ls trie-js
23 error There is likely additional logging output above.
24 verbose exit [ 1, true ]
